2019/09/11-11:54 [main] INFO  com.group_six.yyjhservice.YyjhServiceApplicationTests- Starting YyjhServiceApplicationTests on DESKTOP-UA2SK1G with PID 10532 (started by asus in D:\SchoolStudy\Big-hazhen\yyjh-datasource\yyjh-service)
2019/09/11-11:54 [main] INFO  com.group_six.yyjhservice.YyjhServiceApplicationTests- No active profile set, falling back to default profiles: default
2019/09/11-11:54 [main] INFO  com.group_six.yyjhservice.YyjhServiceApplicationTests- Started YyjhServiceApplicationTests in 1.997 seconds (JVM running for 3.428)
2019/09/11-11:54 [main] INFO  com.zaxxer.hikari.HikariDataSource- DatebookHikariCP - Starting...
2019/09/11-11:54 [main] INFO  com.zaxxer.hikari.HikariDataSource- DatebookHikariCP - Start completed.
2019/09/11-11:54 [Thread-2] INFO  com.zaxxer.hikari.HikariDataSource- DatebookHikariCP - Shutdown initiated...
2019/09/11-11:54 [Thread-2] INFO  com.zaxxer.hikari.HikariDataSource- DatebookHikariCP - Shutdown completed.
2019/09/11-13:04 [main] INFO  com.group_six.yyjhservice.YyjhServiceApplicationTests- Starting YyjhServiceApplicationTests on DESKTOP-UA2SK1G with PID 12840 (started by asus in D:\SchoolStudy\Big-hazhen\yyjh-datasource\yyjh-service)
2019/09/11-13:04 [main] INFO  com.group_six.yyjhservice.YyjhServiceApplicationTests- No active profile set, falling back to default profiles: default
2019/09/11-13:04 [main] INFO  com.group_six.yyjhservice.YyjhServiceApplicationTests- Started YyjhServiceApplicationTests in 2.37 seconds (JVM running for 3.235)
2019/09/11-13:04 [main] INFO  com.group_six.yyjhservice.YyjhServiceApplicationTests- Starting YyjhServiceApplicationTests on DESKTOP-UA2SK1G with PID 14548 (started by asus in D:\SchoolStudy\Big-hazhen\yyjh-datasource\yyjh-service)
2019/09/11-13:04 [main] INFO  com.group_six.yyjhservice.YyjhServiceApplicationTests- No active profile set, falling back to default profiles: default
2019/09/11-13:04 [main] INFO  com.group_six.yyjhservice.YyjhServiceApplicationTests- Started YyjhServiceApplicationTests in 1.894 seconds (JVM running for 2.893)
2019/09/11-13:04 [main] INFO  com.zaxxer.hikari.HikariDataSource- DatebookHikariCP - Starting...
2019/09/11-13:04 [main] INFO  com.zaxxer.hikari.HikariDataSource- DatebookHikariCP - Start completed.
2019/09/11-13:04 [Thread-2] INFO  com.zaxxer.hikari.HikariDataSource- DatebookHikariCP - Shutdown initiated...
2019/09/11-13:04 [Thread-2] INFO  com.zaxxer.hikari.HikariDataSource- DatebookHikariCP - Shutdown completed.
2019/09/11-13:36 [main] INFO  com.group_six.yyjhservice.YyjhServiceApplicationTests- Starting YyjhServiceApplicationTests on DESKTOP-UA2SK1G with PID 11444 (started by asus in D:\SchoolStudy\Big-hazhen\yyjh-datasource\yyjh-service)
2019/09/11-13:36 [main] INFO  com.group_six.yyjhservice.YyjhServiceApplicationTests- No active profile set, falling back to default profiles: default
2019/09/11-13:36 [main] INFO  com.group_six.yyjhservice.YyjhServiceApplicationTests- Started YyjhServiceApplicationTests in 1.786 seconds (JVM running for 2.931)
2019/09/11-13:36 [main] INFO  com.zaxxer.hikari.HikariDataSource- DatebookHikariCP - Starting...
2019/09/11-13:36 [main] INFO  com.zaxxer.hikari.HikariDataSource- DatebookHikariCP - Start completed.
2019/09/11-13:36 [Thread-2] INFO  com.zaxxer.hikari.HikariDataSource- DatebookHikariCP - Shutdown initiated...
2019/09/11-13:36 [Thread-2] INFO  com.zaxxer.hikari.HikariDataSource- DatebookHikariCP - Shutdown completed.
2019/09/11-17:08 [main] INFO  com.group_six.yyjhservice.dao.datasource.TDatasourceMapperTest- Starting TDatasourceMapperTest on DESKTOP-UA2SK1G with PID 2568 (started by asus in D:\SchoolStudy\Big-hazhen\yyjh-datasource\yyjh-service)
2019/09/11-17:08 [main] INFO  com.group_six.yyjhservice.dao.datasource.TDatasourceMapperTest- No active profile set, falling back to default profiles: default
2019/09/11-17:08 [main] INFO  org.springframework.context.support.PostProcessorRegistrationDelegate$BeanPostProcessorChecker- Bean 'org.springframework.transaction.annotation.ProxyTransactionManagementConfiguration' of type [org.springframework.transaction.annotation.ProxyTransactionManagementConfiguration$$EnhancerBySpringCGLIB$$67503adf] is not eligible for getting processed by all BeanPostProcessors (for example: not eligible for auto-proxying)
2019/09/11-17:08 [main] INFO  org.springframework.scheduling.concurrent.ThreadPoolTaskExecutor- Initializing ExecutorService 'applicationTaskExecutor'
2019/09/11-17:08 [main] INFO  org.springframework.boot.actuate.endpoint.web.EndpointLinksResolver- Exposing 2 endpoint(s) beneath base path '/actuator'
2019/09/11-17:08 [main] INFO  com.group_six.yyjhservice.dao.datasource.TDatasourceMapperTest- Started TDatasourceMapperTest in 6.299 seconds (JVM running for 7.573)
2019/09/11-17:08 [main] INFO  com.zaxxer.hikari.HikariDataSource- DatebookHikariCP - Starting...
2019/09/11-17:08 [main] INFO  com.zaxxer.hikari.HikariDataSource- DatebookHikariCP - Start completed.
2019/09/11-17:08 [Thread-2] INFO  org.springframework.scheduling.concurrent.ThreadPoolTaskExecutor- Shutting down ExecutorService 'applicationTaskExecutor'
2019/09/11-17:08 [Thread-2] INFO  com.zaxxer.hikari.HikariDataSource- DatebookHikariCP - Shutdown initiated...
2019/09/11-17:08 [Thread-2] INFO  com.zaxxer.hikari.HikariDataSource- DatebookHikariCP - Shutdown completed.
2019/09/11-17:10 [main] INFO  com.group_six.yyjhservice.dao.datasource.TDatasourceMapperTest- Starting TDatasourceMapperTest on DESKTOP-UA2SK1G with PID 8124 (started by asus in D:\SchoolStudy\Big-hazhen\yyjh-datasource\yyjh-service)
2019/09/11-17:10 [main] INFO  com.group_six.yyjhservice.dao.datasource.TDatasourceMapperTest- No active profile set, falling back to default profiles: default
2019/09/11-17:10 [main] INFO  org.springframework.context.support.PostProcessorRegistrationDelegate$BeanPostProcessorChecker- Bean 'org.springframework.transaction.annotation.ProxyTransactionManagementConfiguration' of type [org.springframework.transaction.annotation.ProxyTransactionManagementConfiguration$$EnhancerBySpringCGLIB$$22031c97] is not eligible for getting processed by all BeanPostProcessors (for example: not eligible for auto-proxying)
2019/09/11-17:10 [main] INFO  org.springframework.scheduling.concurrent.ThreadPoolTaskExecutor- Initializing ExecutorService 'applicationTaskExecutor'
2019/09/11-17:10 [main] INFO  org.springframework.boot.actuate.endpoint.web.EndpointLinksResolver- Exposing 2 endpoint(s) beneath base path '/actuator'
2019/09/11-17:10 [main] INFO  com.group_six.yyjhservice.dao.datasource.TDatasourceMapperTest- Started TDatasourceMapperTest in 4.985 seconds (JVM running for 6.193)
2019/09/11-17:10 [main] INFO  com.zaxxer.hikari.HikariDataSource- DatebookHikariCP - Starting...
2019/09/11-17:10 [main] INFO  com.zaxxer.hikari.HikariDataSource- DatebookHikariCP - Start completed.
2019/09/11-17:10 [Thread-2] INFO  org.springframework.scheduling.concurrent.ThreadPoolTaskExecutor- Shutting down ExecutorService 'applicationTaskExecutor'
2019/09/11-17:10 [Thread-2] INFO  com.zaxxer.hikari.HikariDataSource- DatebookHikariCP - Shutdown initiated...
2019/09/11-17:10 [Thread-2] INFO  com.zaxxer.hikari.HikariDataSource- DatebookHikariCP - Shutdown completed.
2019/09/11-17:11 [main] INFO  com.group_six.yyjhservice.dao.datasource.TDatasourceMapperTest- Starting TDatasourceMapperTest on DESKTOP-UA2SK1G with PID 5532 (started by asus in D:\SchoolStudy\Big-hazhen\yyjh-datasource\yyjh-service)
2019/09/11-17:11 [main] INFO  com.group_six.yyjhservice.dao.datasource.TDatasourceMapperTest- No active profile set, falling back to default profiles: default
2019/09/11-17:11 [main] INFO  org.springframework.context.support.PostProcessorRegistrationDelegate$BeanPostProcessorChecker- Bean 'org.springframework.transaction.annotation.ProxyTransactionManagementConfiguration' of type [org.springframework.transaction.annotation.ProxyTransactionManagementConfiguration$$EnhancerBySpringCGLIB$$67503adf] is not eligible for getting processed by all BeanPostProcessors (for example: not eligible for auto-proxying)
2019/09/11-17:11 [main] INFO  org.springframework.scheduling.concurrent.ThreadPoolTaskExecutor- Initializing ExecutorService 'applicationTaskExecutor'
2019/09/11-17:11 [main] INFO  org.springframework.boot.actuate.endpoint.web.EndpointLinksResolver- Exposing 2 endpoint(s) beneath base path '/actuator'
2019/09/11-17:11 [main] INFO  com.group_six.yyjhservice.dao.datasource.TDatasourceMapperTest- Started TDatasourceMapperTest in 5.16 seconds (JVM running for 6.23)
2019/09/11-17:11 [main] INFO  com.zaxxer.hikari.HikariDataSource- DatebookHikariCP - Starting...
2019/09/11-17:11 [main] INFO  com.zaxxer.hikari.HikariDataSource- DatebookHikariCP - Start completed.
2019/09/11-17:11 [Thread-2] INFO  org.springframework.scheduling.concurrent.ThreadPoolTaskExecutor- Shutting down ExecutorService 'applicationTaskExecutor'
2019/09/11-17:11 [Thread-2] INFO  com.zaxxer.hikari.HikariDataSource- DatebookHikariCP - Shutdown initiated...
2019/09/11-17:11 [Thread-2] INFO  com.zaxxer.hikari.HikariDataSource- DatebookHikariCP - Shutdown completed.
2019/09/11-17:12 [main] INFO  com.group_six.yyjhservice.dao.datasource.TDatasourceMapperTest- Starting TDatasourceMapperTest on DESKTOP-UA2SK1G with PID 6760 (started by asus in D:\SchoolStudy\Big-hazhen\yyjh-datasource\yyjh-service)
2019/09/11-17:12 [main] INFO  com.group_six.yyjhservice.dao.datasource.TDatasourceMapperTest- No active profile set, falling back to default profiles: default
2019/09/11-17:12 [main] INFO  org.springframework.context.support.PostProcessorRegistrationDelegate$BeanPostProcessorChecker- Bean 'org.springframework.transaction.annotation.ProxyTransactionManagementConfiguration' of type [org.springframework.transaction.annotation.ProxyTransactionManagementConfiguration$$EnhancerBySpringCGLIB$$66a53a06] is not eligible for getting processed by all BeanPostProcessors (for example: not eligible for auto-proxying)
2019/09/11-17:12 [main] INFO  org.springframework.scheduling.concurrent.ThreadPoolTaskExecutor- Initializing ExecutorService 'applicationTaskExecutor'
2019/09/11-17:12 [main] INFO  org.springframework.boot.actuate.endpoint.web.EndpointLinksResolver- Exposing 2 endpoint(s) beneath base path '/actuator'
2019/09/11-17:12 [main] INFO  com.group_six.yyjhservice.dao.datasource.TDatasourceMapperTest- Started TDatasourceMapperTest in 4.876 seconds (JVM running for 6.118)
2019/09/11-17:12 [main] INFO  com.zaxxer.hikari.HikariDataSource- DatebookHikariCP - Starting...
2019/09/11-17:12 [main] INFO  com.zaxxer.hikari.HikariDataSource- DatebookHikariCP - Start completed.
2019/09/11-17:12 [Thread-2] INFO  org.springframework.scheduling.concurrent.ThreadPoolTaskExecutor- Shutting down ExecutorService 'applicationTaskExecutor'
2019/09/11-17:12 [Thread-2] INFO  com.zaxxer.hikari.HikariDataSource- DatebookHikariCP - Shutdown initiated...
2019/09/11-17:12 [Thread-2] INFO  com.zaxxer.hikari.HikariDataSource- DatebookHikariCP - Shutdown completed.
2019/09/11-17:13 [main] INFO  com.group_six.yyjhservice.dao.datasource.TDatasourceMapperTest- Starting TDatasourceMapperTest on DESKTOP-UA2SK1G with PID 10420 (started by asus in D:\SchoolStudy\Big-hazhen\yyjh-datasource\yyjh-service)
2019/09/11-17:13 [main] INFO  com.group_six.yyjhservice.dao.datasource.TDatasourceMapperTest- No active profile set, falling back to default profiles: default
2019/09/11-17:13 [main] INFO  org.springframework.context.support.PostProcessorRegistrationDelegate$BeanPostProcessorChecker- Bean 'org.springframework.transaction.annotation.ProxyTransactionManagementConfiguration' of type [org.springframework.transaction.annotation.ProxyTransactionManagementConfiguration$$EnhancerBySpringCGLIB$$22031c97] is not eligible for getting processed by all BeanPostProcessors (for example: not eligible for auto-proxying)
2019/09/11-17:13 [main] INFO  org.springframework.scheduling.concurrent.ThreadPoolTaskExecutor- Initializing ExecutorService 'applicationTaskExecutor'
2019/09/11-17:13 [main] INFO  org.springframework.boot.actuate.endpoint.web.EndpointLinksResolver- Exposing 2 endpoint(s) beneath base path '/actuator'
2019/09/11-17:13 [main] INFO  com.group_six.yyjhservice.dao.datasource.TDatasourceMapperTest- Started TDatasourceMapperTest in 4.34 seconds (JVM running for 5.579)
2019/09/11-17:13 [main] INFO  com.zaxxer.hikari.HikariDataSource- DatebookHikariCP - Starting...
2019/09/11-17:13 [main] INFO  com.zaxxer.hikari.HikariDataSource- DatebookHikariCP - Start completed.
2019/09/11-17:13 [Thread-2] INFO  org.springframework.scheduling.concurrent.ThreadPoolTaskExecutor- Shutting down ExecutorService 'applicationTaskExecutor'
2019/09/11-17:13 [Thread-2] INFO  com.zaxxer.hikari.HikariDataSource- DatebookHikariCP - Shutdown initiated...
2019/09/11-17:13 [Thread-2] INFO  com.zaxxer.hikari.HikariDataSource- DatebookHikariCP - Shutdown completed.
2019/09/11-17:14 [main] INFO  com.group_six.yyjhservice.dao.datasource.TDatasourceMapperTest- Starting TDatasourceMapperTest on DESKTOP-UA2SK1G with PID 12824 (started by asus in D:\SchoolStudy\Big-hazhen\yyjh-datasource\yyjh-service)
2019/09/11-17:14 [main] INFO  com.group_six.yyjhservice.dao.datasource.TDatasourceMapperTest- No active profile set, falling back to default profiles: default
2019/09/11-17:14 [main] INFO  org.springframework.context.support.PostProcessorRegistrationDelegate$BeanPostProcessorChecker- Bean 'org.springframework.transaction.annotation.ProxyTransactionManagementConfiguration' of type [org.springframework.transaction.annotation.ProxyTransactionManagementConfiguration$$EnhancerBySpringCGLIB$$66a53a06] is not eligible for getting processed by all BeanPostProcessors (for example: not eligible for auto-proxying)
2019/09/11-17:14 [main] INFO  org.springframework.scheduling.concurrent.ThreadPoolTaskExecutor- Initializing ExecutorService 'applicationTaskExecutor'
2019/09/11-17:14 [main] INFO  org.springframework.boot.actuate.endpoint.web.EndpointLinksResolver- Exposing 2 endpoint(s) beneath base path '/actuator'
2019/09/11-17:14 [main] INFO  com.group_six.yyjhservice.dao.datasource.TDatasourceMapperTest- Started TDatasourceMapperTest in 4.693 seconds (JVM running for 6.095)
2019/09/11-17:14 [main] INFO  com.zaxxer.hikari.HikariDataSource- DatebookHikariCP - Starting...
2019/09/11-17:14 [main] INFO  com.zaxxer.hikari.HikariDataSource- DatebookHikariCP - Start completed.
2019/09/11-17:14 [Thread-2] INFO  org.springframework.scheduling.concurrent.ThreadPoolTaskExecutor- Shutting down ExecutorService 'applicationTaskExecutor'
2019/09/11-17:14 [Thread-2] INFO  com.zaxxer.hikari.HikariDataSource- DatebookHikariCP - Shutdown initiated...
2019/09/11-17:14 [Thread-2] INFO  com.zaxxer.hikari.HikariDataSource- DatebookHikariCP - Shutdown completed.
2019/09/11-17:17 [main] INFO  com.group_six.yyjhservice.dao.datasource.TDatasourceMapperTest- Starting TDatasourceMapperTest on DESKTOP-UA2SK1G with PID 12720 (started by asus in D:\SchoolStudy\Big-hazhen\yyjh-datasource\yyjh-service)
2019/09/11-17:17 [main] INFO  com.group_six.yyjhservice.dao.datasource.TDatasourceMapperTest- No active profile set, falling back to default profiles: default
2019/09/11-17:17 [main] INFO  org.springframework.context.support.PostProcessorRegistrationDelegate$BeanPostProcessorChecker- Bean 'org.springframework.transaction.annotation.ProxyTransactionManagementConfiguration' of type [org.springframework.transaction.annotation.ProxyTransactionManagementConfiguration$$EnhancerBySpringCGLIB$$66a53a06] is not eligible for getting processed by all BeanPostProcessors (for example: not eligible for auto-proxying)
2019/09/11-17:17 [main] INFO  org.springframework.scheduling.concurrent.ThreadPoolTaskExecutor- Initializing ExecutorService 'applicationTaskExecutor'
2019/09/11-17:17 [main] INFO  org.springframework.boot.actuate.endpoint.web.EndpointLinksResolver- Exposing 2 endpoint(s) beneath base path '/actuator'
2019/09/11-17:17 [main] INFO  com.group_six.yyjhservice.dao.datasource.TDatasourceMapperTest- Started TDatasourceMapperTest in 4.878 seconds (JVM running for 6.264)
2019/09/11-17:17 [main] INFO  com.zaxxer.hikari.HikariDataSource- DatebookHikariCP - Starting...
2019/09/11-17:17 [main] INFO  com.zaxxer.hikari.HikariDataSource- DatebookHikariCP - Start completed.
2019/09/11-17:17 [Thread-2] INFO  org.springframework.scheduling.concurrent.ThreadPoolTaskExecutor- Shutting down ExecutorService 'applicationTaskExecutor'
2019/09/11-17:17 [Thread-2] INFO  com.zaxxer.hikari.HikariDataSource- DatebookHikariCP - Shutdown initiated...
2019/09/11-17:17 [Thread-2] INFO  com.zaxxer.hikari.HikariDataSource- DatebookHikariCP - Shutdown completed.
2019/09/11-20:20 [main] INFO  com.group_six.yyjhservice.service.datasource.TDatasourceServiceImplTest- Starting TDatasourceServiceImplTest on DESKTOP-UA2SK1G with PID 2488 (started by asus in D:\SchoolStudy\Big-hazhen\yyjh-datasource\yyjh-service)
2019/09/11-20:20 [main] INFO  com.group_six.yyjhservice.service.datasource.TDatasourceServiceImplTest- No active profile set, falling back to default profiles: default
2019/09/11-20:20 [main] INFO  org.springframework.context.support.PostProcessorRegistrationDelegate$BeanPostProcessorChecker- Bean 'org.springframework.transaction.annotation.ProxyTransactionManagementConfiguration' of type [org.springframework.transaction.annotation.ProxyTransactionManagementConfiguration$$EnhancerBySpringCGLIB$$fe6f4c8e] is not eligible for getting processed by all BeanPostProcessors (for example: not eligible for auto-proxying)
2019/09/11-20:20 [main] INFO  org.springframework.scheduling.concurrent.ThreadPoolTaskExecutor- Initializing ExecutorService 'applicationTaskExecutor'
2019/09/11-20:20 [main] INFO  org.springframework.boot.actuate.endpoint.web.EndpointLinksResolver- Exposing 2 endpoint(s) beneath base path '/actuator'
2019/09/11-20:20 [main] INFO  com.group_six.yyjhservice.service.datasource.TDatasourceServiceImplTest- Started TDatasourceServiceImplTest in 6.888 seconds (JVM running for 9.152)
2019/09/11-20:20 [main] INFO  com.zaxxer.hikari.HikariDataSource- DatebookHikariCP - Starting...
2019/09/11-20:20 [main] INFO  com.zaxxer.hikari.HikariDataSource- DatebookHikariCP - Start completed.
2019/09/11-20:20 [Thread-2] INFO  org.springframework.scheduling.concurrent.ThreadPoolTaskExecutor- Shutting down ExecutorService 'applicationTaskExecutor'
2019/09/11-20:20 [Thread-2] INFO  com.zaxxer.hikari.HikariDataSource- DatebookHikariCP - Shutdown initiated...
2019/09/11-20:20 [Thread-2] INFO  com.zaxxer.hikari.HikariDataSource- DatebookHikariCP - Shutdown completed.
2019/09/11-20:21 [main] INFO  com.group_six.yyjhservice.service.datasource.TDatasourceServiceImplTest- Starting TDatasourceServiceImplTest on DESKTOP-UA2SK1G with PID 6752 (started by asus in D:\SchoolStudy\Big-hazhen\yyjh-datasource\yyjh-service)
2019/09/11-20:21 [main] INFO  com.group_six.yyjhservice.service.datasource.TDatasourceServiceImplTest- No active profile set, falling back to default profiles: default
2019/09/11-20:21 [main] INFO  org.springframework.context.support.PostProcessorRegistrationDelegate$BeanPostProcessorChecker- Bean 'org.springframework.transaction.annotation.ProxyTransactionManagementConfiguration' of type [org.springframework.transaction.annotation.ProxyTransactionManagementConfiguration$$EnhancerBySpringCGLIB$$4c28c14] is not eligible for getting processed by all BeanPostProcessors (for example: not eligible for auto-proxying)
2019/09/11-20:21 [main] INFO  org.springframework.scheduling.concurrent.ThreadPoolTaskExecutor- Initializing ExecutorService 'applicationTaskExecutor'
2019/09/11-20:21 [main] INFO  org.springframework.boot.actuate.endpoint.web.EndpointLinksResolver- Exposing 2 endpoint(s) beneath base path '/actuator'
2019/09/11-20:21 [main] INFO  com.group_six.yyjhservice.service.datasource.TDatasourceServiceImplTest- Started TDatasourceServiceImplTest in 5.401 seconds (JVM running for 6.816)
2019/09/11-20:21 [main] INFO  com.zaxxer.hikari.HikariDataSource- DatebookHikariCP - Starting...
2019/09/11-20:21 [main] INFO  com.zaxxer.hikari.HikariDataSource- DatebookHikariCP - Start completed.
2019/09/11-20:21 [Thread-2] INFO  org.springframework.scheduling.concurrent.ThreadPoolTaskExecutor- Shutting down ExecutorService 'applicationTaskExecutor'
2019/09/11-20:21 [Thread-2] INFO  com.zaxxer.hikari.HikariDataSource- DatebookHikariCP - Shutdown initiated...
2019/09/11-20:21 [Thread-2] INFO  com.zaxxer.hikari.HikariDataSource- DatebookHikariCP - Shutdown completed.
2019/09/11-20:22 [main] INFO  com.group_six.yyjhservice.service.datasource.TDatasourceServiceImplTest- Starting TDatasourceServiceImplTest on DESKTOP-UA2SK1G with PID 2584 (started by asus in D:\SchoolStudy\Big-hazhen\yyjh-datasource\yyjh-service)
2019/09/11-20:22 [main] INFO  com.group_six.yyjhservice.service.datasource.TDatasourceServiceImplTest- No active profile set, falling back to default profiles: default
2019/09/11-20:22 [main] INFO  org.springframework.context.support.PostProcessorRegistrationDelegate$BeanPostProcessorChecker- Bean 'org.springframework.transaction.annotation.ProxyTransactionManagementConfiguration' of type [org.springframework.transaction.annotation.ProxyTransactionManagementConfiguration$$EnhancerBySpringCGLIB$$4df9dd3d] is not eligible for getting processed by all BeanPostProcessors (for example: not eligible for auto-proxying)
2019/09/11-20:22 [main] INFO  org.springframework.scheduling.concurrent.ThreadPoolTaskExecutor- Initializing ExecutorService 'applicationTaskExecutor'
2019/09/11-20:22 [main] INFO  org.springframework.boot.actuate.endpoint.web.EndpointLinksResolver- Exposing 2 endpoint(s) beneath base path '/actuator'
2019/09/11-20:22 [main] INFO  com.group_six.yyjhservice.service.datasource.TDatasourceServiceImplTest- Started TDatasourceServiceImplTest in 4.812 seconds (JVM running for 5.997)
2019/09/11-20:22 [main] INFO  com.zaxxer.hikari.HikariDataSource- DatebookHikariCP - Starting...
2019/09/11-20:22 [main] INFO  com.zaxxer.hikari.HikariDataSource- DatebookHikariCP - Start completed.
2019/09/11-20:22 [Thread-2] INFO  org.springframework.scheduling.concurrent.ThreadPoolTaskExecutor- Shutting down ExecutorService 'applicationTaskExecutor'
2019/09/11-20:22 [Thread-2] INFO  com.zaxxer.hikari.HikariDataSource- DatebookHikariCP - Shutdown initiated...
2019/09/11-20:22 [Thread-2] INFO  com.zaxxer.hikari.HikariDataSource- DatebookHikariCP - Shutdown completed.
2019/09/11-20:22 [main] INFO  com.group_six.yyjhservice.service.datasource.TDatasourceServiceImplTest- Starting TDatasourceServiceImplTest on DESKTOP-UA2SK1G with PID 13272 (started by asus in D:\SchoolStudy\Big-hazhen\yyjh-datasource\yyjh-service)
2019/09/11-20:22 [main] INFO  com.group_six.yyjhservice.service.datasource.TDatasourceServiceImplTest- No active profile set, falling back to default profiles: default
2019/09/11-20:22 [main] INFO  org.springframework.context.support.PostProcessorRegistrationDelegate$BeanPostProcessorChecker- Bean 'org.springframework.transaction.annotation.ProxyTransactionManagementConfiguration' of type [org.springframework.transaction.annotation.ProxyTransactionManagementConfiguration$$EnhancerBySpringCGLIB$$9f23ae99] is not eligible for getting processed by all BeanPostProcessors (for example: not eligible for auto-proxying)
2019/09/11-20:22 [main] INFO  org.springframework.scheduling.concurrent.ThreadPoolTaskExecutor- Initializing ExecutorService 'applicationTaskExecutor'
2019/09/11-20:22 [main] INFO  org.springframework.boot.actuate.endpoint.web.EndpointLinksResolver- Exposing 2 endpoint(s) beneath base path '/actuator'
2019/09/11-20:22 [main] INFO  com.group_six.yyjhservice.service.datasource.TDatasourceServiceImplTest- Started TDatasourceServiceImplTest in 5.129 seconds (JVM running for 6.275)
2019/09/11-20:22 [main] INFO  com.zaxxer.hikari.HikariDataSource- DatebookHikariCP - Starting...
2019/09/11-20:22 [main] INFO  com.zaxxer.hikari.HikariDataSource- DatebookHikariCP - Start completed.
2019/09/11-20:23 [Thread-2] INFO  org.springframework.scheduling.concurrent.ThreadPoolTaskExecutor- Shutting down ExecutorService 'applicationTaskExecutor'
2019/09/11-20:23 [Thread-2] INFO  com.zaxxer.hikari.HikariDataSource- DatebookHikariCP - Shutdown initiated...
2019/09/11-20:23 [Thread-2] INFO  com.zaxxer.hikari.HikariDataSource- DatebookHikariCP - Shutdown completed.
2019/09/11-20:23 [main] INFO  com.group_six.yyjhservice.service.datasource.TDatasourceServiceImplTest- Starting TDatasourceServiceImplTest on DESKTOP-UA2SK1G with PID 6940 (started by asus in D:\SchoolStudy\Big-hazhen\yyjh-datasource\yyjh-service)
2019/09/11-20:23 [main] INFO  com.group_six.yyjhservice.service.datasource.TDatasourceServiceImplTest- No active profile set, falling back to default profiles: default
2019/09/11-20:23 [main] INFO  org.springframework.context.support.PostProcessorRegistrationDelegate$BeanPostProcessorChecker- Bean 'org.springframework.transaction.annotation.ProxyTransactionManagementConfiguration' of type [org.springframework.transaction.annotation.ProxyTransactionManagementConfiguration$$EnhancerBySpringCGLIB$$9f23ae99] is not eligible for getting processed by all BeanPostProcessors (for example: not eligible for auto-proxying)
2019/09/11-20:23 [main] INFO  org.springframework.scheduling.concurrent.ThreadPoolTaskExecutor- Initializing ExecutorService 'applicationTaskExecutor'
2019/09/11-20:23 [main] INFO  org.springframework.boot.actuate.endpoint.web.EndpointLinksResolver- Exposing 2 endpoint(s) beneath base path '/actuator'
2019/09/11-20:23 [main] INFO  com.group_six.yyjhservice.service.datasource.TDatasourceServiceImplTest- Started TDatasourceServiceImplTest in 4.986 seconds (JVM running for 6.391)
2019/09/11-20:23 [main] INFO  com.zaxxer.hikari.HikariDataSource- DatebookHikariCP - Starting...
2019/09/11-20:23 [main] INFO  com.zaxxer.hikari.HikariDataSource- DatebookHikariCP - Start completed.
2019/09/11-20:23 [Thread-2] INFO  org.springframework.scheduling.concurrent.ThreadPoolTaskExecutor- Shutting down ExecutorService 'applicationTaskExecutor'
2019/09/11-20:23 [Thread-2] INFO  com.zaxxer.hikari.HikariDataSource- DatebookHikariCP - Shutdown initiated...
2019/09/11-20:23 [Thread-2] INFO  com.zaxxer.hikari.HikariDataSource- DatebookHikariCP - Shutdown completed.
2019/09/11-20:23 [main] INFO  com.group_six.yyjhservice.service.datasource.TDatasourceServiceImplTest- Starting TDatasourceServiceImplTest on DESKTOP-UA2SK1G with PID 7084 (started by asus in D:\SchoolStudy\Big-hazhen\yyjh-datasource\yyjh-service)
2019/09/11-20:23 [main] INFO  com.group_six.yyjhservice.service.datasource.TDatasourceServiceImplTest- No active profile set, falling back to default profiles: default
2019/09/11-20:23 [main] INFO  org.springframework.context.support.PostProcessorRegistrationDelegate$BeanPostProcessorChecker- Bean 'org.springframework.transaction.annotation.ProxyTransactionManagementConfiguration' of type [org.springframework.transaction.annotation.ProxyTransactionManagementConfiguration$$EnhancerBySpringCGLIB$$9d992d3a] is not eligible for getting processed by all BeanPostProcessors (for example: not eligible for auto-proxying)
2019/09/11-20:23 [main] INFO  org.springframework.scheduling.concurrent.ThreadPoolTaskExecutor- Initializing ExecutorService 'applicationTaskExecutor'
2019/09/11-20:23 [main] INFO  org.springframework.boot.actuate.endpoint.web.EndpointLinksResolver- Exposing 2 endpoint(s) beneath base path '/actuator'
2019/09/11-20:23 [main] INFO  com.group_six.yyjhservice.service.datasource.TDatasourceServiceImplTest- Started TDatasourceServiceImplTest in 6.056 seconds (JVM running for 7.396)
2019/09/11-20:23 [main] INFO  com.zaxxer.hikari.HikariDataSource- DatebookHikariCP - Starting...
2019/09/11-20:23 [main] INFO  com.zaxxer.hikari.HikariDataSource- DatebookHikariCP - Start completed.
2019/09/11-20:23 [Thread-2] INFO  org.springframework.scheduling.concurrent.ThreadPoolTaskExecutor- Shutting down ExecutorService 'applicationTaskExecutor'
2019/09/11-20:23 [Thread-2] INFO  com.zaxxer.hikari.HikariDataSource- DatebookHikariCP - Shutdown initiated...
2019/09/11-20:23 [Thread-2] INFO  com.zaxxer.hikari.HikariDataSource- DatebookHikariCP - Shutdown completed.
